<?xml version="1.0" encoding="UTF-8"?>
<!-- Generated by org.testng.reporters.JUnitReportReporter -->
<testsuite skipped="0" hostname="DESKTOP-EMFQ6BP" name="test.TestNgProjectTest" tests="3" failures="0" timestamp="2022-09-03T12:23:36 CDT" time="1.266" errors="0">
  <testcase name="validateUserAddsNewCategory" time="0.676" classname="test.TestNgProjectTest"/>
  <system-out/>
  <testcase name="validateAllMonthsNamesExistsInDueDropDown" time="0.250" classname="test.TestNgProjectTest"/>
  <system-out/>
  <testcase name="validateUserNotAbleToAddDuplicateCategory" time="0.340" classname="test.TestNgProjectTest"/>
  <system-out/>
</testsuite> <!-- test.TestNgProjectTest -->
