<?xml version="1.0" encoding="UTF-8"?>
<!-- Generated by org.testng.reporters.JUnitReportReporter -->
<testsuite hostname="DESKTOP-EMFQ6BP" failures="0" tests="3" name="test.Test1" time="1.861" errors="0" timestamp="2022-09-01T20:35:09 CDT" skipped="0">
  <testcase classname="test.Test1" name="validateAllMonthsNamesExistsInDueDropDown" time="0.431"/>
  <system-out/>
  <testcase classname="test.Test1" name="validateUserAddsNewCategory" time="1.026"/>
  <system-out/>
  <testcase classname="test.Test1" name="validateUserNotAbleToAddDuplicateCategory" time="0.404"/>
  <system-out/>
</testsuite> <!-- test.Test1 -->
