<?xml version="1.0" encoding="UTF-8"?>
<!-- Generated by org.testng.reporters.JUnitReportReporter -->
<testsuite hostname="DESKTOP-EMFQ6BP" failures="0" tests="1" name="test.Test3" time="0.289" errors="0" timestamp="2022-09-01T10:20:53 CDT" skipped="0">
  <testcase classname="test.Test3" name="validateAllMonthsNamesExistsInDueDropDown" time="0.289"/>
  <system-out/>
</testsuite> <!-- test.Test3 -->
