<?xml version="1.0" encoding="UTF-8"?>
<!-- Generated by org.testng.reporters.JUnitReportReporter -->
<testsuite hostname="DESKTOP-EMFQ6BP" failures="0" tests="1" name="test.Test2" time="1.444" errors="0" timestamp="2022-09-01T20:25:09 CDT" skipped="0">
  <testcase classname="test.Test2" name="validateUserNotAbleToAddDuplicateCategory" time="1.444"/>
  <system-out/>
</testsuite> <!-- test.Test2 -->
